2018-09-25 10:00:44 [scrapy.utils.log] INFO: Scrapy 1.5.1 started (bot: tongfangpachong)
2018-09-25 10:00:44 [scrapy.utils.log] INFO: Versions: lxml 4.1.1.0, libxml2 2.9.5, cssselect 1.0.3, parsel 1.5.0, w3lib 1.19.0, Twisted 18.7.0, Python 3.6.5 (v3.6.5:f59c0932b4, Mar 28 2018, 17:00:18) [MSC v.1900 64 bit (AMD64)], pyOpenSSL 18.0.0 (OpenSSL 1.1.0h  27 Mar 2018), cryptography 2.3, Platform Windows-10-10.0.17134-SP0
2018-09-25 10:00:44 [py.warnings] WARNING: F:\tongfangspider\tongfangpachong\tongfangpachong\commands\crawlall.py:17: ScrapyDeprecationWarning: CrawlerRunner.spiders attribute is renamed to CrawlerRunner.spider_loader.
  spider_list = self.crawler_process.spiders.list()

2018-09-25 10:00:44 [scrapy.crawler] INFO: Overridden settings: {'AUTOTHROTTLE_ENABLED': True, 'BOT_NAME': 'tongfangpachong', 'COMMANDS_MODULE': 'tongfangpachong.commands', 'DOWNLOAD_DELAY': 5, 'FEED_EXPORT_ENCODING': 'utf8', 'LOG_FILE': 'hotSpider.log', 'LOG_LEVEL': 'INFO', 'NEWSPIDER_MODULE': 'tongfangpachong.spiders', 'SPIDER_MODULES': ['tongfangpachong.spiders']}
2018-09-25 10:00:45 [scrapy.middleware] INFO: Enabled extensions:
['scrapy.extensions.corestats.CoreStats',
 'scrapy.extensions.telnet.TelnetConsole',
 'scrapy.extensions.logstats.LogStats',
 'scrapy.extensions.throttle.AutoThrottle']
2018-09-25 10:00:46 [scrapy.middleware] INFO: Enabled downloader middlewares:
['tongfangpachong.middlewares.JSPageMIddleware',
 'scrapy.downloadermiddlewares.httpauth.HttpAuthMiddleware',
 'scrapy.downloadermiddlewares.downloadtimeout.DownloadTimeoutMiddleware',
 'scrapy.downloadermiddlewares.defaultheaders.DefaultHeadersMiddleware',
 'scrapy.downloadermiddlewares.retry.RetryMiddleware',
 'scrapy.downloadermiddlewares.redirect.MetaRefreshMiddleware',
 'scrapy.downloadermiddlewares.httpcompression.HttpCompressionMiddleware',
 'scrapy.downloadermiddlewares.redirect.RedirectMiddleware',
 'scrapy.downloadermiddlewares.cookies.CookiesMiddleware',
 'scrapy.downloadermiddlewares.httpproxy.HttpProxyMiddleware',
 'scrapy.downloadermiddlewares.stats.DownloaderStats']
2018-09-25 10:00:46 [scrapy.middleware] INFO: Enabled spider middlewares:
['scrapy.spidermiddlewares.httperror.HttpErrorMiddleware',
 'scrapy.spidermiddlewares.offsite.OffsiteMiddleware',
 'scrapy.spidermiddlewares.referer.RefererMiddleware',
 'scrapy.spidermiddlewares.urllength.UrlLengthMiddleware',
 'scrapy.spidermiddlewares.depth.DepthMiddleware']
2018-09-25 10:00:46 [scrapy.middleware] INFO: Enabled item pipelines:
['tongfangpachong.pipelines.MysqlPipline',
 'tongfangpachong.pipelines.MysqlTwistedPipline']
2018-09-25 10:00:46 [scrapy.core.engine] INFO: Spider opened
2018-09-25 10:00:46 [scrapy.extensions.logstats] INFO: Crawled 0 pages (at 0 pages/min), scraped 0 items (at 0 items/min)
2018-09-25 10:00:46 [scrapy.crawler] INFO: Overridden settings: {'AUTOTHROTTLE_ENABLED': True, 'BOT_NAME': 'tongfangpachong', 'COMMANDS_MODULE': 'tongfangpachong.commands', 'DOWNLOAD_DELAY': 5, 'FEED_EXPORT_ENCODING': 'utf8', 'LOG_FILE': 'hotSpider.log', 'LOG_LEVEL': 'INFO', 'NEWSPIDER_MODULE': 'tongfangpachong.spiders', 'SPIDER_MODULES': ['tongfangpachong.spiders']}
2018-09-25 10:00:46 [scrapy.middleware] INFO: Enabled extensions:
['scrapy.extensions.corestats.CoreStats',
 'scrapy.extensions.telnet.TelnetConsole',
 'scrapy.extensions.logstats.LogStats',
 'scrapy.extensions.throttle.AutoThrottle']
2018-09-25 10:00:46 [scrapy.middleware] INFO: Enabled downloader middlewares:
['tongfangpachong.middlewares.JSPageMIddleware',
 'scrapy.downloadermiddlewares.httpauth.HttpAuthMiddleware',
 'scrapy.downloadermiddlewares.downloadtimeout.DownloadTimeoutMiddleware',
 'scrapy.downloadermiddlewares.defaultheaders.DefaultHeadersMiddleware',
 'scrapy.downloadermiddlewares.retry.RetryMiddleware',
 'scrapy.downloadermiddlewares.redirect.MetaRefreshMiddleware',
 'scrapy.downloadermiddlewares.httpcompression.HttpCompressionMiddleware',
 'scrapy.downloadermiddlewares.redirect.RedirectMiddleware',
 'scrapy.downloadermiddlewares.cookies.CookiesMiddleware',
 'scrapy.downloadermiddlewares.httpproxy.HttpProxyMiddleware',
 'scrapy.downloadermiddlewares.stats.DownloaderStats']
2018-09-25 10:00:46 [scrapy.middleware] INFO: Enabled spider middlewares:
['scrapy.spidermiddlewares.httperror.HttpErrorMiddleware',
 'scrapy.spidermiddlewares.offsite.OffsiteMiddleware',
 'scrapy.spidermiddlewares.referer.RefererMiddleware',
 'scrapy.spidermiddlewares.urllength.UrlLengthMiddleware',
 'scrapy.spidermiddlewares.depth.DepthMiddleware']
2018-09-25 10:00:46 [scrapy.middleware] INFO: Enabled item pipelines:
['tongfangpachong.pipelines.MysqlPipline',
 'tongfangpachong.pipelines.MysqlTwistedPipline']
2018-09-25 10:00:46 [scrapy.core.engine] INFO: Spider opened
2018-09-25 10:00:46 [scrapy.extensions.logstats] INFO: Crawled 0 pages (at 0 pages/min), scraped 0 items (at 0 items/min)
2018-09-25 10:00:46 [scrapy.crawler] INFO: Overridden settings: {'AUTOTHROTTLE_ENABLED': True, 'BOT_NAME': 'tongfangpachong', 'COMMANDS_MODULE': 'tongfangpachong.commands', 'DOWNLOAD_DELAY': 5, 'FEED_EXPORT_ENCODING': 'utf8', 'LOG_FILE': 'hotSpider.log', 'LOG_LEVEL': 'INFO', 'NEWSPIDER_MODULE': 'tongfangpachong.spiders', 'SPIDER_MODULES': ['tongfangpachong.spiders']}
2018-09-25 10:00:46 [scrapy.middleware] INFO: Enabled extensions:
['scrapy.extensions.corestats.CoreStats',
 'scrapy.extensions.telnet.TelnetConsole',
 'scrapy.extensions.logstats.LogStats',
 'scrapy.extensions.throttle.AutoThrottle']
2018-09-25 10:00:46 [scrapy.middleware] INFO: Enabled downloader middlewares:
['tongfangpachong.middlewares.JSPageMIddleware',
 'scrapy.downloadermiddlewares.httpauth.HttpAuthMiddleware',
 'scrapy.downloadermiddlewares.downloadtimeout.DownloadTimeoutMiddleware',
 'scrapy.downloadermiddlewares.defaultheaders.DefaultHeadersMiddleware',
 'scrapy.downloadermiddlewares.retry.RetryMiddleware',
 'scrapy.downloadermiddlewares.redirect.MetaRefreshMiddleware',
 'scrapy.downloadermiddlewares.httpcompression.HttpCompressionMiddleware',
 'scrapy.downloadermiddlewares.redirect.RedirectMiddleware',
 'scrapy.downloadermiddlewares.cookies.CookiesMiddleware',
 'scrapy.downloadermiddlewares.httpproxy.HttpProxyMiddleware',
 'scrapy.downloadermiddlewares.stats.DownloaderStats']
2018-09-25 10:00:46 [scrapy.middleware] INFO: Enabled spider middlewares:
['scrapy.spidermiddlewares.httperror.HttpErrorMiddleware',
 'scrapy.spidermiddlewares.offsite.OffsiteMiddleware',
 'scrapy.spidermiddlewares.referer.RefererMiddleware',
 'scrapy.spidermiddlewares.urllength.UrlLengthMiddleware',
 'scrapy.spidermiddlewares.depth.DepthMiddleware']
2018-09-25 10:00:46 [scrapy.middleware] INFO: Enabled item pipelines:
['tongfangpachong.pipelines.MysqlPipline',
 'tongfangpachong.pipelines.MysqlTwistedPipline']
2018-09-25 10:00:46 [scrapy.core.engine] INFO: Spider opened
2018-09-25 10:00:46 [scrapy.extensions.logstats] INFO: Crawled 0 pages (at 0 pages/min), scraped 0 items (at 0 items/min)
2018-09-25 10:00:46 [scrapy.crawler] INFO: Overridden settings: {'AUTOTHROTTLE_ENABLED': True, 'BOT_NAME': 'tongfangpachong', 'COMMANDS_MODULE': 'tongfangpachong.commands', 'DOWNLOAD_DELAY': 5, 'FEED_EXPORT_ENCODING': 'utf8', 'LOG_FILE': 'hotSpider.log', 'LOG_LEVEL': 'INFO', 'NEWSPIDER_MODULE': 'tongfangpachong.spiders', 'SPIDER_MODULES': ['tongfangpachong.spiders']}
2018-09-25 10:00:46 [scrapy.middleware] INFO: Enabled extensions:
['scrapy.extensions.corestats.CoreStats',
 'scrapy.extensions.telnet.TelnetConsole',
 'scrapy.extensions.logstats.LogStats',
 'scrapy.extensions.throttle.AutoThrottle']
2018-09-25 10:00:46 [scrapy.middleware] INFO: Enabled downloader middlewares:
['tongfangpachong.middlewares.JSPageMIddleware',
 'scrapy.downloadermiddlewares.httpauth.HttpAuthMiddleware',
 'scrapy.downloadermiddlewares.downloadtimeout.DownloadTimeoutMiddleware',
 'scrapy.downloadermiddlewares.defaultheaders.DefaultHeadersMiddleware',
 'scrapy.downloadermiddlewares.retry.RetryMiddleware',
 'scrapy.downloadermiddlewares.redirect.MetaRefreshMiddleware',
 'scrapy.downloadermiddlewares.httpcompression.HttpCompressionMiddleware',
 'scrapy.downloadermiddlewares.redirect.RedirectMiddleware',
 'scrapy.downloadermiddlewares.cookies.CookiesMiddleware',
 'scrapy.downloadermiddlewares.httpproxy.HttpProxyMiddleware',
 'scrapy.downloadermiddlewares.stats.DownloaderStats']
2018-09-25 10:00:46 [scrapy.middleware] INFO: Enabled spider middlewares:
['scrapy.spidermiddlewares.httperror.HttpErrorMiddleware',
 'scrapy.spidermiddlewares.offsite.OffsiteMiddleware',
 'scrapy.spidermiddlewares.referer.RefererMiddleware',
 'scrapy.spidermiddlewares.urllength.UrlLengthMiddleware',
 'scrapy.spidermiddlewares.depth.DepthMiddleware']
2018-09-25 10:00:46 [scrapy.middleware] INFO: Enabled item pipelines:
['tongfangpachong.pipelines.MysqlPipline',
 'tongfangpachong.pipelines.MysqlTwistedPipline']
2018-09-25 10:00:46 [scrapy.core.engine] INFO: Spider opened
2018-09-25 10:00:46 [scrapy.extensions.logstats] INFO: Crawled 0 pages (at 0 pages/min), scraped 0 items (at 0 items/min)
2018-09-25 10:00:46 [scrapy.crawler] INFO: Overridden settings: {'AUTOTHROTTLE_ENABLED': True, 'BOT_NAME': 'tongfangpachong', 'COMMANDS_MODULE': 'tongfangpachong.commands', 'DOWNLOAD_DELAY': 5, 'FEED_EXPORT_ENCODING': 'utf8', 'LOG_FILE': 'hotSpider.log', 'LOG_LEVEL': 'INFO', 'NEWSPIDER_MODULE': 'tongfangpachong.spiders', 'SPIDER_MODULES': ['tongfangpachong.spiders']}
2018-09-25 10:00:46 [scrapy.middleware] INFO: Enabled extensions:
['scrapy.extensions.corestats.CoreStats',
 'scrapy.extensions.telnet.TelnetConsole',
 'scrapy.extensions.logstats.LogStats',
 'scrapy.extensions.throttle.AutoThrottle']
2018-09-25 10:00:46 [scrapy.middleware] INFO: Enabled downloader middlewares:
['tongfangpachong.middlewares.JSPageMIddleware',
 'scrapy.downloadermiddlewares.httpauth.HttpAuthMiddleware',
 'scrapy.downloadermiddlewares.downloadtimeout.DownloadTimeoutMiddleware',
 'scrapy.downloadermiddlewares.defaultheaders.DefaultHeadersMiddleware',
 'scrapy.downloadermiddlewares.retry.RetryMiddleware',
 'scrapy.downloadermiddlewares.redirect.MetaRefreshMiddleware',
 'scrapy.downloadermiddlewares.httpcompression.HttpCompressionMiddleware',
 'scrapy.downloadermiddlewares.redirect.RedirectMiddleware',
 'scrapy.downloadermiddlewares.cookies.CookiesMiddleware',
 'scrapy.downloadermiddlewares.httpproxy.HttpProxyMiddleware',
 'scrapy.downloadermiddlewares.stats.DownloaderStats']
2018-09-25 10:00:46 [scrapy.middleware] INFO: Enabled spider middlewares:
['scrapy.spidermiddlewares.httperror.HttpErrorMiddleware',
 'scrapy.spidermiddlewares.offsite.OffsiteMiddleware',
 'scrapy.spidermiddlewares.referer.RefererMiddleware',
 'scrapy.spidermiddlewares.urllength.UrlLengthMiddleware',
 'scrapy.spidermiddlewares.depth.DepthMiddleware']
2018-09-25 10:00:46 [scrapy.middleware] INFO: Enabled item pipelines:
['tongfangpachong.pipelines.MysqlPipline',
 'tongfangpachong.pipelines.MysqlTwistedPipline']
2018-09-25 10:00:46 [scrapy.core.engine] INFO: Spider opened
2018-09-25 10:00:46 [scrapy.extensions.logstats] INFO: Crawled 0 pages (at 0 pages/min), scraped 0 items (at 0 items/min)
2018-09-25 10:00:46 [py.warnings] WARNING: d:\pyvirtualenv\new_env\lib\site-packages\selenium\webdriver\phantomjs\webdriver.py:49: UserWarning: Selenium support for PhantomJS has been deprecated, please use headless versions of Chrome or Firefox instead
  warnings.warn('Selenium support for PhantomJS has been deprecated, please use headless '

2018-09-25 10:00:56 [scrapy.core.engine] INFO: Closing spider (finished)
2018-09-25 10:00:56 [scrapy.statscollectors] INFO: Dumping Scrapy stats:
{'downloader/response_bytes': 42293,
 'downloader/response_count': 1,
 'downloader/response_status_count/200': 1,
 'finish_reason': 'finished',
 'finish_time': datetime.datetime(2018, 9, 25, 2, 0, 56, 52948),
 'log_count/INFO': 7,
 'log_count/WARNING': 1,
 'response_received_count': 1,
 'scheduler/dequeued': 1,
 'scheduler/dequeued/memory': 1,
 'scheduler/enqueued': 1,
 'scheduler/enqueued/memory': 1,
 'start_time': datetime.datetime(2018, 9, 25, 2, 0, 46, 648097)}
2018-09-25 10:00:56 [scrapy.core.engine] INFO: Spider closed (finished)
2018-09-25 10:00:56 [scrapy.core.engine] INFO: Closing spider (finished)
2018-09-25 10:00:56 [scrapy.statscollectors] INFO: Dumping Scrapy stats:
{'downloader/request_bytes': 216,
 'downloader/request_count': 1,
 'downloader/request_method_count/GET': 1,
 'downloader/response_bytes': 6617,
 'downloader/response_count': 1,
 'downloader/response_status_count/200': 1,
 'finish_reason': 'finished',
 'finish_time': datetime.datetime(2018, 9, 25, 2, 0, 56, 119770),
 'item_scraped_count': 16,
 'log_count/INFO': 31,
 'log_count/WARNING': 1,
 'response_received_count': 1,
 'scheduler/dequeued': 1,
 'scheduler/dequeued/memory': 1,
 'scheduler/enqueued': 1,
 'scheduler/enqueued/memory': 1,
 'start_time': datetime.datetime(2018, 9, 25, 2, 0, 46, 599224)}
2018-09-25 10:00:56 [scrapy.core.engine] INFO: Spider closed (finished)
2018-09-25 10:01:24 [scrapy.core.engine] INFO: Closing spider (finished)
2018-09-25 10:01:24 [scrapy.statscollectors] INFO: Dumping Scrapy stats:
{'downloader/request_bytes': 1958,
 'downloader/request_count': 7,
 'downloader/request_method_count/GET': 7,
 'downloader/response_bytes': 525664,
 'downloader/response_count': 7,
 'downloader/response_status_count/200': 7,
 'finish_reason': 'finished',
 'finish_time': datetime.datetime(2018, 9, 25, 2, 1, 24, 874939),
 'item_scraped_count': 300,
 'log_count/INFO': 41,
 'log_count/WARNING': 1,
 'request_depth_max': 1,
 'response_received_count': 7,
 'scheduler/dequeued': 7,
 'scheduler/dequeued/memory': 7,
 'scheduler/enqueued': 7,
 'scheduler/enqueued/memory': 7,
 'start_time': datetime.datetime(2018, 9, 25, 2, 0, 46, 576280)}
2018-09-25 10:01:24 [scrapy.core.engine] INFO: Spider closed (finished)
2018-09-25 10:01:25 [scrapy.core.engine] INFO: Closing spider (finished)
2018-09-25 10:01:25 [scrapy.statscollectors] INFO: Dumping Scrapy stats:
{'downloader/exception_count': 1,
 'downloader/exception_type_count/twisted.internet.error.TCPTimedOutError': 1,
 'downloader/request_bytes': 1282,
 'downloader/request_count': 7,
 'downloader/request_method_count/GET': 7,
 'downloader/response_bytes': 69020,
 'downloader/response_count': 6,
 'downloader/response_status_count/200': 6,
 'finish_reason': 'finished',
 'finish_time': datetime.datetime(2018, 9, 25, 2, 1, 25, 298776),
 'item_scraped_count': 60,
 'log_count/INFO': 23,
 'log_count/WARNING': 1,
 'response_received_count': 6,
 'retry/count': 1,
 'retry/reason_count/twisted.internet.error.TCPTimedOutError': 1,
 'scheduler/dequeued': 7,
 'scheduler/dequeued/memory': 7,
 'scheduler/enqueued': 7,
 'scheduler/enqueued/memory': 7,
 'start_time': datetime.datetime(2018, 9, 25, 2, 0, 46, 633127)}
2018-09-25 10:01:25 [scrapy.core.engine] INFO: Spider closed (finished)
2018-09-25 10:01:38 [scrapy.core.engine] INFO: Closing spider (finished)
2018-09-25 10:01:38 [scrapy.statscollectors] INFO: Dumping Scrapy stats:
{'downloader/exception_count': 2,
 'downloader/exception_type_count/twisted.internet.error.TCPTimedOutError': 2,
 'downloader/request_bytes': 1140,
 'downloader/request_count': 6,
 'downloader/request_method_count/GET': 6,
 'downloader/response_bytes': 31216,
 'downloader/response_count': 4,
 'downloader/response_status_count/200': 4,
 'finish_reason': 'finished',
 'finish_time': datetime.datetime(2018, 9, 25, 2, 1, 38, 84629),
 'item_scraped_count': 120,
 'log_count/INFO': 33,
 'log_count/WARNING': 1,
 'response_received_count': 4,
 'retry/count': 2,
 'retry/reason_count/twisted.internet.error.TCPTimedOutError': 2,
 'scheduler/dequeued': 6,
 'scheduler/dequeued/memory': 6,
 'scheduler/enqueued': 6,
 'scheduler/enqueued/memory': 6,
 'start_time': datetime.datetime(2018, 9, 25, 2, 0, 46, 615180)}
2018-09-25 10:01:38 [scrapy.core.engine] INFO: Spider closed (finished)
2018-09-25 10:08:12 [scrapy.utils.log] INFO: Scrapy 1.5.1 started (bot: tongfangpachong)
2018-09-25 10:08:12 [scrapy.utils.log] INFO: Versions: lxml 4.1.1.0, libxml2 2.9.5, cssselect 1.0.3, parsel 1.5.0, w3lib 1.19.0, Twisted 18.7.0, Python 3.6.5 (v3.6.5:f59c0932b4, Mar 28 2018, 17:00:18) [MSC v.1900 64 bit (AMD64)], pyOpenSSL 18.0.0 (OpenSSL 1.1.0h  27 Mar 2018), cryptography 2.3, Platform Windows-10-10.0.17134-SP0
2018-09-25 10:08:12 [scrapy.crawler] INFO: Overridden settings: {'AUTOTHROTTLE_ENABLED': True, 'BOT_NAME': 'tongfangpachong', 'COMMANDS_MODULE': 'tongfangpachong.commands', 'DOWNLOAD_DELAY': 5, 'FEED_EXPORT_ENCODING': 'utf8', 'LOG_FILE': 'hotSpider.log', 'LOG_LEVEL': 'INFO', 'NEWSPIDER_MODULE': 'tongfangpachong.spiders', 'SPIDER_MODULES': ['tongfangpachong.spiders']}
2018-09-25 10:08:12 [scrapy.middleware] INFO: Enabled extensions:
['scrapy.extensions.corestats.CoreStats',
 'scrapy.extensions.telnet.TelnetConsole',
 'scrapy.extensions.logstats.LogStats',
 'scrapy.extensions.throttle.AutoThrottle']
2018-09-25 10:08:12 [scrapy.middleware] INFO: Enabled downloader middlewares:
['tongfangpachong.middlewares.JSPageMIddleware',
 'scrapy.downloadermiddlewares.httpauth.HttpAuthMiddleware',
 'scrapy.downloadermiddlewares.downloadtimeout.DownloadTimeoutMiddleware',
 'scrapy.downloadermiddlewares.defaultheaders.DefaultHeadersMiddleware',
 'scrapy.downloadermiddlewares.retry.RetryMiddleware',
 'scrapy.downloadermiddlewares.redirect.MetaRefreshMiddleware',
 'scrapy.downloadermiddlewares.httpcompression.HttpCompressionMiddleware',
 'scrapy.downloadermiddlewares.redirect.RedirectMiddleware',
 'scrapy.downloadermiddlewares.cookies.CookiesMiddleware',
 'scrapy.downloadermiddlewares.httpproxy.HttpProxyMiddleware',
 'scrapy.downloadermiddlewares.stats.DownloaderStats']
2018-09-25 10:08:12 [scrapy.middleware] INFO: Enabled spider middlewares:
['scrapy.spidermiddlewares.httperror.HttpErrorMiddleware',
 'scrapy.spidermiddlewares.offsite.OffsiteMiddleware',
 'scrapy.spidermiddlewares.referer.RefererMiddleware',
 'scrapy.spidermiddlewares.urllength.UrlLengthMiddleware',
 'scrapy.spidermiddlewares.depth.DepthMiddleware']
2018-09-25 10:08:12 [scrapy.middleware] INFO: Enabled item pipelines:
['tongfangpachong.pipelines.MysqlPipline',
 'tongfangpachong.pipelines.MysqlTwistedPipline']
2018-09-25 10:08:12 [scrapy.core.engine] INFO: Spider opened
2018-09-25 10:08:12 [scrapy.extensions.logstats] INFO: Crawled 0 pages (at 0 pages/min), scraped 0 items (at 0 items/min)
2018-09-25 10:20:54 [scrapy.utils.log] INFO: Scrapy 1.5.1 started (bot: tongfangpachong)
2018-09-25 10:20:54 [scrapy.utils.log] INFO: Versions: lxml 4.1.1.0, libxml2 2.9.5, cssselect 1.0.3, parsel 1.5.0, w3lib 1.19.0, Twisted 18.7.0, Python 3.6.5 (v3.6.5:f59c0932b4, Mar 28 2018, 17:00:18) [MSC v.1900 64 bit (AMD64)], pyOpenSSL 18.0.0 (OpenSSL 1.1.0h  27 Mar 2018), cryptography 2.3, Platform Windows-10-10.0.17134-SP0
2018-09-25 10:20:54 [scrapy.crawler] INFO: Overridden settings: {'AUTOTHROTTLE_ENABLED': True, 'BOT_NAME': 'tongfangpachong', 'COMMANDS_MODULE': 'tongfangpachong.commands', 'DOWNLOAD_DELAY': 5, 'FEED_EXPORT_ENCODING': 'utf8', 'LOG_FILE': 'hotSpider.log', 'LOG_LEVEL': 'INFO', 'NEWSPIDER_MODULE': 'tongfangpachong.spiders', 'SPIDER_MODULES': ['tongfangpachong.spiders']}
2018-09-25 10:20:54 [scrapy.middleware] INFO: Enabled extensions:
['scrapy.extensions.corestats.CoreStats',
 'scrapy.extensions.telnet.TelnetConsole',
 'scrapy.extensions.logstats.LogStats',
 'scrapy.extensions.throttle.AutoThrottle']
2018-09-25 10:20:54 [scrapy.middleware] INFO: Enabled downloader middlewares:
['tongfangpachong.middlewares.JSPageMIddleware',
 'scrapy.downloadermiddlewares.httpauth.HttpAuthMiddleware',
 'scrapy.downloadermiddlewares.downloadtimeout.DownloadTimeoutMiddleware',
 'scrapy.downloadermiddlewares.defaultheaders.DefaultHeadersMiddleware',
 'scrapy.downloadermiddlewares.retry.RetryMiddleware',
 'scrapy.downloadermiddlewares.redirect.MetaRefreshMiddleware',
 'scrapy.downloadermiddlewares.httpcompression.HttpCompressionMiddleware',
 'scrapy.downloadermiddlewares.redirect.RedirectMiddleware',
 'scrapy.downloadermiddlewares.cookies.CookiesMiddleware',
 'scrapy.downloadermiddlewares.httpproxy.HttpProxyMiddleware',
 'scrapy.downloadermiddlewares.stats.DownloaderStats']
2018-09-25 10:20:54 [scrapy.middleware] INFO: Enabled spider middlewares:
['scrapy.spidermiddlewares.httperror.HttpErrorMiddleware',
 'scrapy.spidermiddlewares.offsite.OffsiteMiddleware',
 'scrapy.spidermiddlewares.referer.RefererMiddleware',
 'scrapy.spidermiddlewares.urllength.UrlLengthMiddleware',
 'scrapy.spidermiddlewares.depth.DepthMiddleware']
2018-09-25 10:20:55 [scrapy.middleware] INFO: Enabled item pipelines:
['tongfangpachong.pipelines.MysqlPipline',
 'tongfangpachong.pipelines.MysqlTwistedPipline']
2018-09-25 10:20:55 [scrapy.core.engine] INFO: Spider opened
2018-09-25 10:20:55 [scrapy.extensions.logstats] INFO: Crawled 0 pages (at 0 pages/min), scraped 0 items (at 0 items/min)
2018-09-25 10:24:20 [scrapy.utils.log] INFO: Scrapy 1.5.1 started (bot: tongfangpachong)
2018-09-25 10:24:20 [scrapy.utils.log] INFO: Versions: lxml 4.1.1.0, libxml2 2.9.5, cssselect 1.0.3, parsel 1.5.0, w3lib 1.19.0, Twisted 18.7.0, Python 3.6.5 (v3.6.5:f59c0932b4, Mar 28 2018, 17:00:18) [MSC v.1900 64 bit (AMD64)], pyOpenSSL 18.0.0 (OpenSSL 1.1.0h  27 Mar 2018), cryptography 2.3, Platform Windows-10-10.0.17134-SP0
2018-09-25 10:24:20 [scrapy.crawler] INFO: Overridden settings: {'AUTOTHROTTLE_ENABLED': True, 'BOT_NAME': 'tongfangpachong', 'COMMANDS_MODULE': 'tongfangpachong.commands', 'DOWNLOAD_DELAY': 5, 'FEED_EXPORT_ENCODING': 'utf8', 'LOG_FILE': 'hotSpider.log', 'LOG_LEVEL': 'INFO', 'NEWSPIDER_MODULE': 'tongfangpachong.spiders', 'SPIDER_MODULES': ['tongfangpachong.spiders']}
2018-09-25 10:24:20 [scrapy.middleware] INFO: Enabled extensions:
['scrapy.extensions.corestats.CoreStats',
 'scrapy.extensions.telnet.TelnetConsole',
 'scrapy.extensions.logstats.LogStats',
 'scrapy.extensions.throttle.AutoThrottle']
2018-09-25 10:24:20 [scrapy.middleware] INFO: Enabled downloader middlewares:
['tongfangpachong.middlewares.JSPageMIddleware',
 'scrapy.downloadermiddlewares.httpauth.HttpAuthMiddleware',
 'scrapy.downloadermiddlewares.downloadtimeout.DownloadTimeoutMiddleware',
 'scrapy.downloadermiddlewares.defaultheaders.DefaultHeadersMiddleware',
 'scrapy.downloadermiddlewares.retry.RetryMiddleware',
 'scrapy.downloadermiddlewares.redirect.MetaRefreshMiddleware',
 'scrapy.downloadermiddlewares.httpcompression.HttpCompressionMiddleware',
 'scrapy.downloadermiddlewares.redirect.RedirectMiddleware',
 'scrapy.downloadermiddlewares.cookies.CookiesMiddleware',
 'scrapy.downloadermiddlewares.httpproxy.HttpProxyMiddleware',
 'scrapy.downloadermiddlewares.stats.DownloaderStats']
2018-09-25 10:24:20 [scrapy.middleware] INFO: Enabled spider middlewares:
['scrapy.spidermiddlewares.httperror.HttpErrorMiddleware',
 'scrapy.spidermiddlewares.offsite.OffsiteMiddleware',
 'scrapy.spidermiddlewares.referer.RefererMiddleware',
 'scrapy.spidermiddlewares.urllength.UrlLengthMiddleware',
 'scrapy.spidermiddlewares.depth.DepthMiddleware']
2018-09-25 10:24:20 [scrapy.middleware] INFO: Enabled item pipelines:
['tongfangpachong.pipelines.MysqlPipline',
 'tongfangpachong.pipelines.MysqlTwistedPipline']
2018-09-25 10:24:20 [scrapy.core.engine] INFO: Spider opened
2018-09-25 10:24:20 [scrapy.extensions.logstats] INFO: Crawled 0 pages (at 0 pages/min), scraped 0 items (at 0 items/min)
2018-09-25 10:25:20 [scrapy.utils.log] INFO: Scrapy 1.5.1 started (bot: tongfangpachong)
2018-09-25 10:25:20 [scrapy.utils.log] INFO: Versions: lxml 4.1.1.0, libxml2 2.9.5, cssselect 1.0.3, parsel 1.5.0, w3lib 1.19.0, Twisted 18.7.0, Python 3.6.5 (v3.6.5:f59c0932b4, Mar 28 2018, 17:00:18) [MSC v.1900 64 bit (AMD64)], pyOpenSSL 18.0.0 (OpenSSL 1.1.0h  27 Mar 2018), cryptography 2.3, Platform Windows-10-10.0.17134-SP0
2018-09-25 10:25:20 [scrapy.crawler] INFO: Overridden settings: {'AUTOTHROTTLE_ENABLED': True, 'BOT_NAME': 'tongfangpachong', 'COMMANDS_MODULE': 'tongfangpachong.commands', 'DOWNLOAD_DELAY': 5, 'FEED_EXPORT_ENCODING': 'utf8', 'LOG_FILE': 'hotSpider.log', 'LOG_LEVEL': 'INFO', 'NEWSPIDER_MODULE': 'tongfangpachong.spiders', 'SPIDER_MODULES': ['tongfangpachong.spiders']}
2018-09-25 10:25:20 [scrapy.middleware] INFO: Enabled extensions:
['scrapy.extensions.corestats.CoreStats',
 'scrapy.extensions.telnet.TelnetConsole',
 'scrapy.extensions.logstats.LogStats',
 'scrapy.extensions.throttle.AutoThrottle']
2018-09-25 10:25:21 [scrapy.middleware] INFO: Enabled downloader middlewares:
['tongfangpachong.middlewares.JSPageMIddleware',
 'scrapy.downloadermiddlewares.httpauth.HttpAuthMiddleware',
 'scrapy.downloadermiddlewares.downloadtimeout.DownloadTimeoutMiddleware',
 'scrapy.downloadermiddlewares.defaultheaders.DefaultHeadersMiddleware',
 'scrapy.downloadermiddlewares.retry.RetryMiddleware',
 'scrapy.downloadermiddlewares.redirect.MetaRefreshMiddleware',
 'scrapy.downloadermiddlewares.httpcompression.HttpCompressionMiddleware',
 'scrapy.downloadermiddlewares.redirect.RedirectMiddleware',
 'scrapy.downloadermiddlewares.cookies.CookiesMiddleware',
 'scrapy.downloadermiddlewares.httpproxy.HttpProxyMiddleware',
 'scrapy.downloadermiddlewares.stats.DownloaderStats']
2018-09-25 10:25:21 [scrapy.middleware] INFO: Enabled spider middlewares:
['scrapy.spidermiddlewares.httperror.HttpErrorMiddleware',
 'scrapy.spidermiddlewares.offsite.OffsiteMiddleware',
 'scrapy.spidermiddlewares.referer.RefererMiddleware',
 'scrapy.spidermiddlewares.urllength.UrlLengthMiddleware',
 'scrapy.spidermiddlewares.depth.DepthMiddleware']
2018-09-25 10:25:21 [scrapy.middleware] INFO: Enabled item pipelines:
['tongfangpachong.pipelines.MysqlPipline',
 'tongfangpachong.pipelines.MysqlTwistedPipline']
2018-09-25 10:25:21 [scrapy.core.engine] INFO: Spider opened
2018-09-25 10:25:21 [scrapy.extensions.logstats] INFO: Crawled 0 pages (at 0 pages/min), scraped 0 items (at 0 items/min)
